  adler32.c
  compress.c
  crc32.c
  deflate.c
  gzclose.c
  gzlib.c
c:\users\ほむこな\documents\shaftengine\dependencies\zlib\gzlib.c(193): warning C4996: 'wcstombs': This function or variable may be unsafe. Consider using wcstombs_s instead. To disable deprecation, use _CRT_SECURE_NO_WARNINGS. See online help for details.
  c:\program files (x86)\windows kits\10\include\10.0.16299.0\ucrt\stdlib.h(1014): note: 'wcstombs' の宣言を確認してください
c:\users\ほむこな\documents\shaftengine\dependencies\zlib\gzlib.c(208): warning C4996: 'wcstombs': This function or variable may be unsafe. Consider using wcstombs_s instead. To disable deprecation, use _CRT_SECURE_NO_WARNINGS. See online help for details.
  c:\program files (x86)\windows kits\10\include\10.0.16299.0\ucrt\stdlib.h(1014): note: 'wcstombs' の宣言を確認してください
c:\users\ほむこな\documents\shaftengine\dependencies\zlib\gzlib.c(214): warning C4996: '_snprintf': This function or variable may be unsafe. Consider using _snprintf_s instead. To disable deprecation, use _CRT_SECURE_NO_WARNINGS. See online help for details.
  c:\program files (x86)\windows kits\10\include\10.0.16299.0\ucrt\stdio.h(1959): note: '_snprintf' の宣言を確認してください
c:\users\ほむこな\documents\shaftengine\dependencies\zlib\gzlib.c(243): warning C4996: '_wopen': This function or variable may be unsafe. Consider using _wsopen_s instead. To disable deprecation, use _CRT_SECURE_NO_WARNINGS. See online help for details.
  c:\program files (x86)\windows kits\10\include\10.0.16299.0\ucrt\corecrt_wio.h(255): note: '_wopen' の宣言を確認してください
c:\users\ほむこな\documents\shaftengine\dependencies\zlib\gzlib.c(245): warning C4996: 'open': The POSIX name for this item is deprecated. Instead, use the ISO C and C++ conformant name: _open. See online help for details.
  c:\program files (x86)\windows kits\10\include\10.0.16299.0\ucrt\corecrt_io.h(516): note: 'open' の宣言を確認してください
c:\users\ほむこな\documents\shaftengine\dependencies\zlib\gzlib.c(294): warning C4996: '_snprintf': This function or variable may be unsafe. Consider using _snprintf_s instead. To disable deprecation, use _CRT_SECURE_NO_WARNINGS. See online help for details.
  c:\program files (x86)\windows kits\10\include\10.0.16299.0\ucrt\stdio.h(1959): note: '_snprintf' の宣言を確認してください
c:\users\ほむこな\documents\shaftengine\dependencies\zlib\gzlib.c(607): warning C4996: '_snprintf': This function or variable may be unsafe. Consider using _snprintf_s instead. To disable deprecation, use _CRT_SECURE_NO_WARNINGS. See online help for details.
  c:\program files (x86)\windows kits\10\include\10.0.16299.0\ucrt\stdio.h(1959): note: '_snprintf' の宣言を確認してください
  gzread.c
c:\users\ほむこな\documents\shaftengine\dependencies\zlib\gzread.c(30): warning C4996: 'read': The POSIX name for this item is deprecated. Instead, use the ISO C and C++ conformant name: _read. See online help for details.
  c:\program files (x86)\windows kits\10\include\10.0.16299.0\ucrt\corecrt_io.h(523): note: 'read' の宣言を確認してください
c:\users\ほむこな\documents\shaftengine\dependencies\zlib\gzread.c(36): warning C4996: 'strerror': This function or variable may be unsafe. Consider using strerror_s instead. To disable deprecation, use _CRT_SECURE_NO_WARNINGS. See online help for details.
  c:\program files (x86)\windows kits\10\include\10.0.16299.0\ucrt\string.h(181): note: 'strerror' の宣言を確認してください
c:\users\ほむこな\documents\shaftengine\dependencies\zlib\gzread.c(591): warning C4996: 'close': The POSIX name for this item is deprecated. Instead, use the ISO C and C++ conformant name: _close. See online help for details.
  c:\program files (x86)\windows kits\10\include\10.0.16299.0\ucrt\corecrt_io.h(459): note: 'close' の宣言を確認してください
  gzwrite.c
c:\users\ほむこな\documents\shaftengine\dependencies\zlib\gzwrite.c(84): warning C4996: 'write': The POSIX name for this item is deprecated. Instead, use the ISO C and C++ conformant name: _write. See online help for details.
  c:\program files (x86)\windows kits\10\include\10.0.16299.0\ucrt\corecrt_io.h(558): note: 'write' の宣言を確認してください
c:\users\ほむこな\documents\shaftengine\dependencies\zlib\gzwrite.c(86): warning C4996: 'strerror': This function or variable may be unsafe. Consider using strerror_s instead. To disable deprecation, use _CRT_SECURE_NO_WARNINGS. See online help for details.
  c:\program files (x86)\windows kits\10\include\10.0.16299.0\ucrt\string.h(181): note: 'strerror' の宣言を確認してください
c:\users\ほむこな\documents\shaftengine\dependencies\zlib\gzwrite.c(101): warning C4996: 'write': The POSIX name for this item is deprecated. Instead, use the ISO C and C++ conformant name: _write. See online help for details.
  c:\program files (x86)\windows kits\10\include\10.0.16299.0\ucrt\corecrt_io.h(558): note: 'write' の宣言を確認してください
c:\users\ほむこな\documents\shaftengine\dependencies\zlib\gzwrite.c(103): warning C4996: 'strerror': This function or variable may be unsafe. Consider using strerror_s instead. To disable deprecation, use _CRT_SECURE_NO_WARNINGS. See online help for details.
  c:\program files (x86)\windows kits\10\include\10.0.16299.0\ucrt\string.h(181): note: 'strerror' の宣言を確認してください
c:\users\ほむこな\documents\shaftengine\dependencies\zlib\gzwrite.c(573): warning C4996: 'close': The POSIX name for this item is deprecated. Instead, use the ISO C and C++ conformant name: _close. See online help for details.
  c:\program files (x86)\windows kits\10\include\10.0.16299.0\ucrt\corecrt_io.h(459): note: 'close' の宣言を確認してください
  infback.c
  inffast.c
  inflate.c
  inftrees.c
  trees.c
  uncompr.c
  zutil.c
  コードを生成中...
  zlib.vcxproj -> C:\Users\ほむこな\Documents\ShaftEngine\Project\Windows\Libs\zlib\x64\Debug\zlib.lib
